<?xml version="1.0" encoding="UTF-8"?>
<!-- Generated by org.testng.reporters.JUnitReportReporter -->
<testsuite hostname="LAPTOP-UU4U0ELH" failures="0" tests="2" name="MavenExample.ReadingdatafromCommandtest" time="0.013" errors="0" timestamp="2022-05-09T16:26:24 IST" skipped="0">
  <testcase classname="MavenExample.ReadingdatafromCommandtest" name="ReadingdatafromCommandtest" time="0.011"/>
  <system-out/>
  <testcase classname="MavenExample.ReadingdatafromCommandtest" name="regressiontest" time="0.002"/>
  <system-out/>
</testsuite> <!-- MavenExample.ReadingdatafromCommandtest -->
